[debug] [2022-09-24T01:32:01.379Z] ----------------------------------------------------------------------
[debug] [2022-09-24T01:32:01.384Z] Command:       C:\Program Files\nodejs\node.exe C:\Users\Pichau\AppData\Roaming\npm\node_modules\firebase-tools\lib\bin\firebase.js init
[debug] [2022-09-24T01:32:01.385Z] CLI Version:   11.8.0
[debug] [2022-09-24T01:32:01.385Z] Platform:      win32
[debug] [2022-09-24T01:32:01.386Z] Node Version:  v16.17.0
[debug] [2022-09-24T01:32:01.388Z] Time:          Fri Sep 23 2022 21:32:01 GMT-0400 (Horário Padrão do Amazonas)
[debug] [2022-09-24T01:32:01.388Z] ----------------------------------------------------------------------
[debug] 
[debug] [2022-09-24T01:32:01.422Z] >>> [apiv2][query] GET https://firebase-public.firebaseio.com/cli.json [none]
[debug] [2022-09-24T01:32:01.445Z] > command requires scopes: ["email","openid","https://www.googleapis.com/auth/cloudplatformprojects.readonly","https://www.googleapis.com/auth/firebase","https://www.googleapis.com/auth/cloud-platform"]
[debug] [2022-09-24T01:32:01.445Z] > authorizing via signed-in user (daviagrm@gmail.com)
[info] 
     ######## #### ########  ######## ########     ###     ######  ########
     ##        ##  ##     ## ##       ##     ##  ##   ##  ##       ##
     ######    ##  ########  ######   ########  #########  ######  ######
     ##        ##  ##    ##  ##       ##     ## ##     ##       ## ##
     ##       #### ##     ## ######## ########  ##     ##  ######  ########

You're about to initialize a Firebase project in this directory:

  C:\Users\Pichau\Desktop\Dactilus

[debug] [2022-09-24T01:32:02.224Z] <<< [apiv2][status] GET https://firebase-public.firebaseio.com/cli.json 200
[debug] [2022-09-24T01:32:02.225Z] <<< [apiv2][body] GET https://firebase-public.firebaseio.com/cli.json {"cloudBuildErrorAfter":1594252800000,"cloudBuildWarnAfter":1590019200000,"defaultNode10After":1594252800000,"minVersion":"3.0.5","node8DeploysDisabledAfter":1613390400000,"node8RuntimeDisabledAfter":1615809600000,"node8WarnAfter":1600128000000}
